Mon Jun 25 2018 10:43:01 GMT-0300 (-03): GET /about
Mon Jun 25 2018 10:43:04 GMT-0300 (-03): GET /
Mon Jun 25 2018 10:43:05 GMT-0300 (-03): GET /about
Mon Jun 25 2018 10:43:05 GMT-0300 (-03): GET /
Mon Jun 25 2018 10:43:06 GMT-0300 (-03): GET /
Mon Jun 25 2018 10:53:54 GMT-0300 (-03): GET /
Mon Jun 25 2018 10:53:57 GMT-0300 (-03): GET /about
Mon Jun 25 2018 10:53:58 GMT-0300 (-03): GET /
Mon Jun 25 2018 10:53:59 GMT-0300 (-03): GET /about
Mon Jun 25 2018 10:53:59 GMT-0300 (-03): GET /
Mon Jun 25 2018 10:54:01 GMT-0300 (-03): GET /about
Mon Jun 25 2018 10:54:01 GMT-0300 (-03): GET /
Mon Jun 25 2018 13:17:57 GMT-0300 (-03): GET /
Mon Jun 25 2018 13:17:59 GMT-0300 (-03): GET /
Mon Jun 25 2018 13:18:00 GMT-0300 (-03): GET /about
Mon Jun 25 2018 13:18:00 GMT-0300 (-03): GET /
Mon Jun 25 2018 13:18:00 GMT-0300 (-03): GET /about
Mon Jun 25 2018 13:18:02 GMT-0300 (-03): GET /about
Mon Jun 25 2018 13:18:02 GMT-0300 (-03): GET /
Mon Jun 25 2018 13:18:26 GMT-0300 (-03): GET /
Mon Jun 25 2018 13:18:48 GMT-0300 (-03): GET /public
Mon Jun 25 2018 13:18:51 GMT-0300 (-03): GET /hrlpe.html
Mon Jun 25 2018 13:20:00 GMT-0300 (-03): GET /help.html
Mon Jun 25 2018 13:20:02 GMT-0300 (-03): GET /help.html
Mon Jun 25 2018 13:20:04 GMT-0300 (-03): GET /
Mon Jun 25 2018 13:20:06 GMT-0300 (-03): GET /
Mon Jun 25 2018 13:20:23 GMT-0300 (-03): GET /
Mon Jun 25 2018 13:20:25 GMT-0300 (-03): GET /
Mon Jun 25 2018 13:20:26 GMT-0300 (-03): GET /about
Mon Jun 25 2018 13:20:29 GMT-0300 (-03): GET /help.html
